app/build/intermediates/manifest_merge_blame_file/debug/manifest-merger-blame-debug-report.txt
1<?xml version="1.0" encoding="utf-8"?>
2<manifest xmlns:android="http://schemas.android.com/apk/res/android"
3    package="zone.eloy.projects.androidcalculator"
4    android:versionCode="1"
5    android:versionName="1.0" >
6
7    <uses-sdk
8        android:minSdkVersion="23"
8-->src\main\AndroidManifest.xml
9        android:targetSdkVersion="26" />
9-->src\main\AndroidManifest.xml
10
11    <application
11-->src\main\AndroidManifest.xml:4:5-18:19
12        android:allowBackup="true"
12-->src\main\AndroidManifest.xml:5:9-35
13        android:debuggable="true"
14        android:extractNativeLibs="false"
15        android:icon="@mipmap/ic_launcher"
15-->src\main\AndroidManifest.xml:6:9-43
16        android:label="@string/app_name"
16-->src\main\AndroidManifest.xml:7:9-41
17        android:roundIcon="@mipmap/ic_launcher_round"
17-->src\main\AndroidManifest.xml:8:9-54
18        android:supportsRtl="true"
18-->src\main\AndroidManifest.xml:9:9-35
19        android:testOnly="true"
20        android:theme="@style/AppTheme" >
20-->src\main\AndroidManifest.xml:10:9-40
21        <activity android:name="zone.eloy.projects.androidcalculator.MainActivity" >
21-->src\main\AndroidManifest.xml:11:9-17:20
21-->src\main\AndroidManifest.xml:11:19-47
22            <intent-filter>
22-->src\main\AndroidManifest.xml:12:13-16:29
23                <action android:name="android.intent.action.MAIN" />
23-->src\main\AndroidManifest.xml:13:17-69
23-->src\main\AndroidManifest.xml:13:25-66
24
25                <category android:name="android.intent.category.LAUNCHER" />
25-->src\main\AndroidManifest.xml:15:17-77
25-->src\main\AndroidManifest.xml:15:27-74
26            </intent-filter>
27        </activity>
28
29        <meta-data
29-->[com.android.support:appcompat-v7:26.0.0-beta1] AndroidManifest.xml:26:9-28:44
30            android:name="android.support.VERSION"
30-->[com.android.support:appcompat-v7:26.0.0-beta1] AndroidManifest.xml:27:13-51
31            android:value="26.0.0-beta1" />
31-->[com.android.support:appcompat-v7:26.0.0-beta1] AndroidManifest.xml:28:13-41
32    </application>
33
34</manifest>